<?xml version="1.0" encoding="UTF-8"?>
<testng-results ignored="0" total="1" passed="1" failed="0" skipped="0">
  <reporter-output>
  </reporter-output>
  <suite started-at="2021-12-27T01:50:16 MYT" name="Default suite" finished-at="2021-12-27T01:50:39 MYT" duration-ms="23376">
    <groups>
    </groups>
    <test started-at="2021-12-27T01:50:16 MYT" name="Default test" finished-at="2021-12-27T01:50:39 MYT" duration-ms="23376">
      <class name="Com.testscript.Carlist">
        <test-method is-config="true" signature="launch()[pri:0, instance:Com.testscript.Carlist@e7edb54]" started-at="2021-12-27T01:50:16 MYT" name="launch" finished-at="2021-12-27T01:50:19 MYT" duration-ms="2550" status="PASS">
          <reporter-output>
          </reporter-output>
        </test-method> <!-- launch -->
        <test-method is-config="true" signature="navigate()[pri:0, instance:Com.testscript.Carlist@e7edb54]" started-at="2021-12-27T01:50:19 MYT" name="navigate" finished-at="2021-12-27T01:50:23 MYT" duration-ms="4657" status="PASS">
          <reporter-output>
          </reporter-output>
        </test-method> <!-- navigate -->
        <test-method signature="verifycostofcartest()[pri:0, instance:Com.testscript.Carlist@e7edb54]" started-at="2021-12-27T01:50:23 MYT" name="verifycostofcartest" finished-at="2021-12-27T01:50:39 MYT" duration-ms="16127" status="PASS">
          <reporter-output>
          </reporter-output>
        </test-method> <!-- verifycostofcartest -->
      </class> <!-- Com.testscript.Carlist -->
    </test> <!-- Default test -->
  </suite> <!-- Default suite -->
</testng-results>
